PREPARE credit_1749865093061981288 bin0::A 10
COMMIT credit_1749865093061981288 bin0::A 10
PREPARE credit_1749865119986872963 bin0::A 20
COMMIT credit_1749865119986872963 bin0::A 20
PREPARE transfer_1749865184004464606 bin0::B 10
PREPARE transfer_1749865305630650016 bin0::A 10
PREPARE transfer_1749865305630650016 bin0::B 10
COMMIT transfer_1749865305630650016 bin0::A 10
COMMIT transfer_1749865305630650016 bin0::B 10
PREPARE transfer_1749865353395952335 bin0::A 20
PREPARE transfer_1749865353395952335 bin0::B 0
COMMIT transfer_1749865353395952335 bin0::A 20
COMMIT transfer_1749865353395952335 bin0::B 0
DISCARD transfer_1749865184004464606 bin0::B 10
PREPARE transfer_1749865486527375399 bin0::A 10
PREPARE transfer_1749865486527375399 bin0::B 10
COMMIT transfer_1749865486527375399 bin0::A 10
COMMIT transfer_1749865486527375399 bin0::B 10
PREPARE transfer_1749865533637543854 bin0::B 1000009
ABORT transfer_1749865533637543854 bin0::B 1000009
